#
# There is insufficient memory for the Java Runtime Environment to continue.
# Native memory allocation (malloc) failed to allocate 57384960 bytes for committing reserved memory.
# Possible reasons:
#   The system is out of physical RAM or swap space
#   In 32 bit mode, the process size limit was hit
# Possible solutions:
#   Reduce memory load on the system
#   Increase physical memory or swap space
#   Check if swap backing store is full
#   Use 64 bit Java on a 64 bit OS
#   Decrease Java heap size (-Xmx/-Xms)
#   Decrease number of Java threads
#   Decrease Java thread stack sizes (-Xss)
#   Set larger code cache with -XX:ReservedCodeCacheSize=
# This output file may be truncated or incomplete.
#
#  Out of Memory Error (os_linux.cpp:2769), pid=4038, tid=3023457136
#
# JRE version: OpenJDK Runtime Environment (7.0_55-b14) (build 1.7.0_55-b14)
# Java VM: OpenJDK Client VM (24.51-b03 mixed mode, sharing linux-x86 )
# Failed to write core dump. Core dumps have been disabled. To enable core dumping, try "ulimit -c unlimited" before starting Java again
#

---------------  T H R E A D  ---------------

Current thread (0x08cac000):  VMThread [stack: 0xb42e4000,0xb4365000] [id=4040]

Stack: [0xb42e4000,0xb4365000]
VM_Operation (0xb6a5c0d4): GenCollectForAllocation, mode: safepoint, requested by thread 0x08c83800


---------------  P R O C E S S  ---------------

Java Threads: ( => current thread )
  0x08f63800 JavaThread "process reaper" daemon [_thread_blocked, id=4048, stack(0xb3c0a000,0xb3c21000)]
  0x08ccac00 JavaThread "Service Thread" daemon [_thread_blocked, id=4045, stack(0xb3dff000,0xb3e50000)]
  0x08cc9000 JavaThread "C1 CompilerThread0" daemon [_thread_blocked, id=4044, stack(0xb3e50000,0xb3ed1000)]
  0x08cc7400 JavaThread "Signal Dispatcher" daemon [_thread_blocked, id=4043, stack(0xb3ed1000,0xb3f22000)]
  0x08caf000 JavaThread "Finalizer" daemon [_thread_blocked, id=4042, stack(0xb4242000,0xb4293000)]
  0x08cad800 JavaThread "Reference Handler" daemon [_thread_blocked, id=4041, stack(0xb4293000,0xb42e4000)]
  0x08c83800 JavaThread "main" [_thread_blocked, id=4039, stack(0xb6a0f000,0xb6a60000)]

Other Threads:
=>0x08cac000 VMThread [stack: 0xb42e4000,0xb4365000] [id=4040]
  0x08cde000 WatcherThread [stack: 0xb3d7e000,0xb3dff000] [id=4046]

VM state:at safepoint (normal execution)

VM Mutex/Monitor currently owned by a thread:  ([mutex/lock_event])
[0x08c80e80] Threads_lock - owner thread: 0x08cac000
[0x08c81290] Heap_lock - owner thread: 0x08c83800

Heap
 def new generation   total 39296K, used 0K [0x4eb30000, 0x515d0000, 0x64080000)
  eden space 34944K,   0% used [0x4eb30000, 0x4eb30000, 0x50d50000)
  from space 4352K,   0% used [0x51190000, 0x51190000, 0x515d0000)
  to   space 4352K,   0% used [0x50d50000, 0x50d50000, 0x51190000)
 tenured generation   total 88704K, used 86844K [0x64080000, 0x69720000, 0x8eb30000)
   the space 88704K,  97% used [0x64080000, 0x6954f018, 0x6954f200, 0x69720000)
 compacting perm gen  total 12288K, used 8477K [0x8eb30000, 0x8f730000, 0x92b30000)
   the space 12288K,  68% used [0x8eb30000, 0x8f377600, 0x8f377600, 0x8f730000)
    ro space 10240K,  58% used [0x92b30000, 0x9310cc30, 0x9310ce00, 0x93530000)
    rw space 12288K,  59% used [0x93530000, 0x93c4d098, 0x93c4d200, 0x94130000)

Card table byte_map: [0xb46e1000,0xb490d000] byte_map_base: 0xb446b680

Polling page: 0xb7780000

Code Cache  [0xb498d000, 0xb4e9d000, 0xb698d000)
 total_blobs=2569 nmethods=2410 adapters=95 free_code_cache=27603Kb largest_free_block=28264128

Compilation events (10 events):
Event: 25.946 Thread 0x08cc9000 nmethod 2421 0xb4e94e48 code [0xb4e94f60, 0xb4e9512c]
Event: 25.946 Thread 0x08cc9000 2422             com.yahoo.platform.yui.compressor.JavaScriptCompressor::printSourceString (59 bytes)
Event: 25.947 Thread 0x08cc9000 nmethod 2422 0xb4e951c8 code [0xb4e95340, 0xb4e95718]
Event: 25.952 Thread 0x08cc9000 2423 %           com.yahoo.platform.yui.compressor.JavaScriptCompressor::parse @ 60 (270 bytes)
Event: 25.954 Thread 0x08cc9000 nmethod 2423% 0xb4e95b48 code [0xb4e95e70, 0xb4e9709c]
Event: 25.978 Thread 0x08cc9000 2425             java.lang.Double::doubleToLongBits (33 bytes)
Event: 25.978 Thread 0x08cc9000 nmethod 2425 0xb4e98508 code [0xb4e98600, 0xb4e986c0]
Event: 25.980 Thread 0x08cc9000 2426             org.mozilla.javascript.DToA::word0 (11 bytes)
Event: 25.980 Thread 0x08cc9000 nmethod 2426 0xb4e98708 code [0xb4e98800, 0xb4e988f0]
Event: 26.002 Thread 0x08cc9000 2427             com.yahoo.platform.yui.compressor.JavaScriptCompressor::printSourceNumber (161 bytes)

GC Heap History (10 events):
Event: 15.825 GC heap after
Heap after GC invocations=16 (full 0):
 def new generation   total 39296K, used 1780K [0x4eb30000, 0x515d0000, 0x64080000)
  eden space 34944K,   0% used [0x4eb30000, 0x4eb30000, 0x50d50000)
  from space 4352K,  40% used [0x50d50000, 0x50f0d170, 0x51190000)
  to   space 4352K,   0% used [0x51190000, 0x51190000, 0x515d0000)
 tenured generation   total 87424K, used 58076K [0x64080000, 0x695e0000, 0x8eb30000)
   the space 87424K,  66% used [0x64080000, 0x679370a0, 0x67937200, 0x695e0000)
 compacting perm gen  total 12288K, used 7874K [0x8eb30000, 0x8f730000, 0x92b30000)
   the space 12288K,  64% used [0x8eb30000, 0x8f2e0848, 0x8f2e0a00, 0x8f730000)
    ro space 10240K,  58% used [0x92b30000, 0x9310cc30, 0x9310ce00, 0x93530000)
    rw space 12288K,  59% used [0x93530000, 0x93c4d098, 0x93c4d200, 0x94130000)
}
Event: 16.541 GC heap before
{Heap before GC invocations=16 (full 0):
 def new generation   total 39296K, used 36724K [0x4eb30000, 0x515d0000, 0x64080000)
  eden space 34944K, 100% used [0x4eb30000, 0x50d50000, 0x50d50000)
  from space 4352K,  40% used [0x50d50000, 0x50f0d170, 0x51190000)
  to   space 4352K,   0% used [0x51190000, 0x51190000, 0x515d0000)
 tenured generation   total 87424K, used 58076K [0x64080000, 0x695e0000, 0x8eb30000)
   the space 87424K,  66% used [0x64080000, 0x679370a0, 0x67937200, 0x695e0000)
 compacting perm gen  total 12288K, used 7934K [0x8eb30000, 0x8f730000, 0x92b30000)
   the space 12288K,  64% used [0x8eb30000, 0x8f2efb58, 0x8f2efc00, 0x8f730000)
    ro space 10240K,  58% used [0x92b30000, 0x9310cc30, 0x9310ce00, 0x93530000)
    rw space 12288K,  59% used [0x93530000, 0x93c4d098, 0x93c4d200, 0x94130000)
Event: 16.632 GC heap after
Heap after GC invocations=17 (full 0):
 def new generation   total 39296K, used 4352K [0x4eb30000, 0x515d0000, 0x64080000)
  eden space 34944K,   0% used [0x4eb30000, 0x4eb30000, 0x50d50000)
  from space 4352K, 100% used [0x51190000, 0x515d0000, 0x515d0000)
  to   space 4352K,   0% used [0x50d50000, 0x50d50000, 0x51190000)
 tenured generation   total 87424K, used 62935K [0x64080000, 0x695e0000, 0x8eb30000)
   the space 87424K,  71% used [0x64080000, 0x67df5c90, 0x67df5e00, 0x695e0000)
 compacting perm gen  total 12288K, used 7934K [0x8eb30000, 0x8f730000, 0x92b30000)
   the space 12288K,  64% used [0x8eb30000, 0x8f2efb58, 0x8f2efc00, 0x8f730000)
    ro space 10240K,  58% used [0x92b30000, 0x9310cc30, 0x9310ce00, 0x93530000)
    rw space 12288K,  59% used [0x93530000, 0x93c4d098, 0x93c4d200, 0x94130000)
}
Event: 17.260 GC heap before
{Heap before GC invocations=17 (full 0):
 def new generation   total 39296K, used 39296K [0x4eb30000, 0x515d0000, 0x64080000)
  eden space 34944K, 100% used [0x4eb30000, 0x50d50000, 0x50d50000)
  from space 4352K, 100% used [0x51190000, 0x515d0000, 0x515d0000)
  to   space 4352K,   0% used [0x50d50000, 0x50d50000, 0x51190000)
 tenured generation   total 87424K, used 62935K [0x64080000, 0x695e0000, 0x8eb30000)
   the space 87424K,  71% used [0x64080000, 0x67df5c90, 0x67df5e00, 0x695e0000)
 compacting perm gen  total 12288K, used 7956K [0x8eb30000, 0x8f730000, 0x92b30000)
   the space 12288K,  64% used [0x8eb30000, 0x8f2f5308, 0x8f2f5400, 0x8f730000)
    ro space 10240K,  58% used [0x92b30000, 0x9310cc30, 0x9310ce00, 0x93530000)
    rw space 12288K,  59% used [0x93530000, 0x93c4d098, 0x93c4d200, 0x94130000)
Event: 17.328 GC heap after
Heap after GC invocations=18 (full 0):
 def new generation   total 39296K, used 1327K [0x4eb30000, 0x515d0000, 0x64080000)
  eden space 34944K,   0% used [0x4eb30000, 0x4eb30000, 0x50d50000)
  from space 4352K,  30% used [0x50d50000, 0x50e9beb8, 0x51190000)
  to   space 4352K,   0% used [0x51190000, 0x51190000, 0x515d0000)
 tenured generation   total 87424K, used 67213K [0x64080000, 0x695e0000, 0x8eb30000)
   the space 87424K,  76% used [0x64080000, 0x68223698, 0x68223800, 0x695e0000)
 compacting perm gen  total 12288K, used 7956K [0x8eb30000, 0x8f730000, 0x92b30000)
   the space 12288K,  64% used [0x8eb30000, 0x8f2f5308, 0x8f2f5400, 0x8f730000)
    ro space 10240K,  58% used [0x92b30000, 0x9310cc30, 0x9310ce00, 0x93530000)
    rw space 12288K,  59% used [0x93530000, 0x93c4d098, 0x93c4d200, 0x94130000)
}
Event: 24.583 GC heap before
{Heap before GC invocations=18 (full 0):
 def new generation   total 39296K, used 36271K [0x4eb30000, 0x515d0000, 0x64080000)
  eden space 34944K, 100% used [0x4eb30000, 0x50d50000, 0x50d50000)
  from space 4352K,  30% used [0x50d50000, 0x50e9beb8, 0x51190000)
  to   space 4352K,   0% used [0x51190000, 0x51190000, 0x515d0000)
 tenured generation   total 87424K, used 67213K [0x64080000, 0x695e0000, 0x8eb30000)
   the space 87424K,  76% used [0x64080000, 0x68223698, 0x68223800, 0x695e0000)
 compacting perm gen  total 12288K, used 8015K [0x8eb30000, 0x8f730000, 0x92b30000)
   the space 12288K,  65% used [0x8eb30000, 0x8f303ff0, 0x8f304000, 0x8f730000)
    ro space 10240K,  58% used [0x92b30000, 0x9310cc30, 0x9310ce00, 0x93530000)
    rw space 12288K,  59% used [0x93530000, 0x93c4d098, 0x93c4d200, 0x94130000)
Event: 24.768 GC heap after
Heap after GC invocations=19 (full 0):
 def new generation   total 39296K, used 4352K [0x4eb30000, 0x515d0000, 0x64080000)
  eden space 34944K,   0% used [0x4eb30000, 0x4eb30000, 0x50d50000)
  from space 4352K, 100% used [0x51190000, 0x515d0000, 0x515d0000)
  to   space 4352K,   0% used [0x50d50000, 0x50d50000, 0x51190000)
 tenured generation   total 87424K, used 71954K [0x64080000, 0x695e0000, 0x8eb30000)
   the space 87424K,  82% used [0x64080000, 0x686c4908, 0x686c4a00, 0x695e0000)
 compacting perm gen  total 12288K, used 8015K [0x8eb30000, 0x8f730000, 0x92b30000)
   the space 12288K,  65% used [0x8eb30000, 0x8f303ff0, 0x8f304000, 0x8f730000)
    ro space 10240K,  58% used [0x92b30000, 0x9310cc30, 0x9310ce00, 0x93530000)
    rw space 12288K,  59% used [0x93530000, 0x93c4d098, 0x93c4d200, 0x94130000)
}
Event: 25.388 GC heap before
{Heap before GC invocations=19 (full 0):
 def new generation   total 39296K, used 39296K [0x4eb30000, 0x515d0000, 0x64080000)
  eden space 34944K, 100% used [0x4eb30000, 0x50d50000, 0x50d50000)
  from space 4352K, 100% used [0x51190000, 0x515d0000, 0x515d0000)
  to   space 4352K,   0% used [0x50d50000, 0x50d50000, 0x51190000)
 tenured generation   total 87424K, used 71954K [0x64080000, 0x695e0000, 0x8eb30000)
   the space 87424K,  82% used [0x64080000, 0x686c4908, 0x686c4a00, 0x695e0000)
 compacting perm gen  total 12288K, used 8463K [0x8eb30000, 0x8f730000, 0x92b30000)
   the space 12288K,  68% used [0x8eb30000, 0x8f373f10, 0x8f374000, 0x8f730000)
    ro space 10240K,  58% used [0x92b30000, 0x9310cc30, 0x9310ce00, 0x93530000)
    rw space 12288K,  59% used [0x93530000, 0x93c4d098, 0x93c4d200, 0x94130000)
Event: 25.616 GC heap after
Heap after GC invocations=20 (full 0):
 def new generation   total 39296K, used 4352K [0x4eb30000, 0x515d0000, 0x64080000)
  eden space 34944K,   0% used [0x4eb30000, 0x4eb30000, 0x50d50000)
  from space 4352K, 100% used [0x50d50000, 0x51190000, 0x51190000)
  to   space 4352K,   0% used [0x51190000, 0x51190000, 0x515d0000)
 tenured generation   total 87424K, used 83195K [0x64080000, 0x695e0000, 0x8eb30000)
   the space 87424K,  95% used [0x64080000, 0x691bee60, 0x691bf000, 0x695e0000)
 compacting perm gen  total 12288K, used 8463K [0x8eb30000, 0x8f730000, 0x92b30000)
   the space 12288K,  68% used [0x8eb30000, 0x8f373f10, 0x8f374000, 0x8f730000)
    ro space 10240K,  58% used [0x92b30000, 0x9310cc30, 0x9310ce00, 0x93530000)
    rw space 12288K,  59% used [0x93530000, 0x93c4d098, 0x93c4d200, 0x94130000)
}
Event: 26.003 GC heap before
{Heap before GC invocations=20 (full 0):
 def new generation   total 39296K, used 39296K [0x4eb30000, 0x515d0000, 0x64080000)
  eden space 34944K, 100% used [0x4eb30000, 0x50d50000, 0x50d50000)
  from space 4352K, 100% used [0x50d50000, 0x51190000, 0x51190000)
  to   space 4352K,   0% used [0x51190000, 0x51190000, 0x515d0000)
 tenured generation   total 87424K, used 83195K [0x64080000, 0x695e0000, 0x8eb30000)
   the space 87424K,  95% used [0x64080000, 0x691bee60, 0x691bf000, 0x695e0000)
 compacting perm gen  total 12288K, used 8477K [0x8eb30000, 0x8f730000, 0x92b30000)
   the space 12288K,  68% used [0x8eb30000, 0x8f377600, 0x8f377600, 0x8f730000)
    ro space 10240K,  58% used [0x92b30000, 0x9310cc30, 0x9310ce00, 0x93530000)
    rw space 12288K,  59% used [0x93530000, 0x93c4d098, 0x93c4d200, 0x94130000)

Deoptimization events (0 events):
No events

Internal exceptions (10 events):
Event: 24.238 Thread 0x08c83800 Threw 0x4fc9afd8 at /home/jmm/openjdk-7-7u55-2.4.7/build/openjdk/hotspot/src/share/vm/prims/jvm.cpp:1244
Event: 24.238 Thread 0x08c83800 Threw 0x4fc9b478 at /home/jmm/openjdk-7-7u55-2.4.7/build/openjdk/hotspot/src/share/vm/classfile/systemDictionary.cpp:185
Event: 24.239 Thread 0x08c83800 Threw 0x4fc9dbb0 at /home/jmm/openjdk-7-7u55-2.4.7/build/openjdk/hotspot/src/share/vm/prims/jvm.cpp:1244
Event: 24.239 Thread 0x08c83800 Threw 0x4fca22e8 at /home/jmm/openjdk-7-7u55-2.4.7/build/openjdk/hotspot/src/share/vm/prims/jvm.cpp:1244
Event: 24.239 Thread 0x08c83800 Threw 0x4fca3be8 at /home/jmm/openjdk-7-7u55-2.4.7/build/openjdk/hotspot/src/share/vm/prims/jvm.cpp:1244
Event: 24.239 Thread 0x08c83800 Threw 0x4fca8320 at /home/jmm/openjdk-7-7u55-2.4.7/build/openjdk/hotspot/src/share/vm/prims/jvm.cpp:1244
Event: 24.239 Thread 0x08c83800 Threw 0x4fcaa620 at /home/jmm/openjdk-7-7u55-2.4.7/build/openjdk/hotspot/src/share/vm/prims/jvm.cpp:1244
Event: 24.240 Thread 0x08c83800 Threw 0x4fcaaac0 at /home/jmm/openjdk-7-7u55-2.4.7/build/openjdk/hotspot/src/share/vm/classfile/systemDictionary.cpp:185
Event: 24.269 Thread 0x08c83800 Threw 0x4fcc01d8 at /home/jmm/openjdk-7-7u55-2.4.7/build/openjdk/hotspot/src/share/vm/prims/jvm.cpp:1244
Event: 24.478 Thread 0x08c83800 Threw 0x5084b9c8 at /home/jmm/openjdk-7-7u55-2.4.7/build/openjdk/hotspot/src/share/vm/prims/jvm.cpp:1244

Events (10 events):
Event: 25.211 loading class 0x09174bb8 done
Event: 25.215 loading class 0x08ff5618
Event: 25.215 loading class 0x08ff5618 done
Event: 25.387 Executing VM operation: GenCollectForAllocation
Event: 25.617 Executing VM operation: GenCollectForAllocation done
Event: 25.875 loading class 0xb3729d30
Event: 25.875 loading class 0xb3729d30 done
Event: 25.883 loading class 0x0919a3c0
Event: 25.883 loading class 0x0919a3c0 done
Event: 26.001 Executing VM operation: GenCollectForAllocation


Dynamic libraries:
08048000-08049000 r-xp 00000000 08:01 4880       /usr/lib/jvm/java-7-openjdk-i386/jre/bin/java
08049000-0804a000 r--p 00000000 08:01 4880       /usr/lib/jvm/java-7-openjdk-i386/jre/bin/java
0804a000-0804b000 rw-p 00001000 08:01 4880       /usr/lib/jvm/java-7-openjdk-i386/jre/bin/java
08c7a000-09949000 rw-p 00000000 00:00 0          [heap]
4eb30000-515d0000 rw-p 00000000 00:00 0 
515d0000-64080000 rw-p 00000000 00:00 0 
64080000-69720000 rw-p 00000000 00:00 0 
6cdda000-8eb30000 rw-p 00000000 00:00 0 
8eb30000-8f730000 rw-p 00000000 00:00 0 
8f730000-92b30000 rw-p 00000000 00:00 0 
92b30000-9310d000 r--p 00001000 08:01 17843      /usr/lib/jvm/java-7-openjdk-i386/jre/lib/i386/client/classes.jsa
9310d000-93530000 rw-p 00000000 00:00 0 
93530000-93c4e000 rw-p 005de000 08:01 17843      /usr/lib/jvm/java-7-openjdk-i386/jre/lib/i386/client/classes.jsa
93c4e000-94130000 rw-p 00000000 00:00 0 
94130000-9443e000 rw-p 00cfc000 08:01 17843      /usr/lib/jvm/java-7-openjdk-i386/jre/lib/i386/client/classes.jsa
9443e000-94530000 rw-p 00000000 00:00 0 
94530000-94539000 r-xp 0100a000 08:01 17843      /usr/lib/jvm/java-7-openjdk-i386/jre/lib/i386/client/classes.jsa
94539000-94930000 rw-p 00000000 00:00 0 
b3700000-b37e4000 rw-p 00000000 00:00 0 
b37e4000-b3800000 ---p 00000000 00:00 0 
b386b000-b3878000 r--s 00107000 08:01 4901       /usr/lib/jvm/java-7-openjdk-i386/jre/lib/rhino.jar
b3878000-b3881000 r--s 000b9000 08:01 4906       /usr/lib/jvm/java-7-openjdk-i386/jre/lib/resources.jar
b3881000-b389f000 r--s 001bd000 08:01 67674      /home/developer/bin/Sencha/Cmd/4.0.2.67/extensions/sencha-compass/lib/ant-1.8.4.jar
b389f000-b38dc000 r-xp 00000000 08:01 25327      /lib/i386-linux-gnu/libpcre.so.3.13.1
b38dc000-b38dd000 rw-p 0003c000 08:01 25327      /lib/i386-linux-gnu/libpcre.so.3.13.1
b38dd000-b38e5000 r-xp 00000000 08:01 4112       /usr/lib/i386-linux-gnu/libffi.so.5.0.10
b38e5000-b38e6000 rw-p 00008000 08:01 4112       /usr/lib/i386-linux-gnu/libffi.so.5.0.10
b38e6000-b38e7000 r-xp 00000000 08:01 3884       /usr/lib/i386-linux-gnu/libgthread-2.0.so.0.3200.4
b38e7000-b38e8000 r--p 00000000 08:01 3884       /usr/lib/i386-linux-gnu/libgthread-2.0.so.0.3200.4
b38e8000-b38e9000 rw-p 00001000 08:01 3884       /usr/lib/i386-linux-gnu/libgthread-2.0.so.0.3200.4
b38e9000-b38f9000 r-xp 00000000 08:01 226        /lib/i386-linux-gnu/i686/cmov/libresolv-2.13.so
b38f9000-b38fa000 r--p 00010000 08:01 226        /lib/i386-linux-gnu/i686/cmov/libresolv-2.13.so
b38fa000-b38fb000 rw-p 00011000 08:01 226        /lib/i386-linux-gnu/i686/cmov/libresolv-2.13.so
b38fb000-b38fd000 rw-p 00000000 00:00 0 
b38fd000-b391b000 r-xp 00000000 08:01 670        /lib/i386-linux-gnu/libselinux.so.1
b391b000-b391c000 r--p 0001d000 08:01 670        /lib/i386-linux-gnu/libselinux.so.1
b391c000-b391d000 rw-p 0001e000 08:01 670        /lib/i386-linux-gnu/libselinux.so.1
b391d000-b3920000 r-xp 00000000 08:01 3885       /usr/lib/i386-linux-gnu/libgmodule-2.0.so.0.3200.4
b3920000-b3921000 r--p 00002000 08:01 3885       /usr/lib/i386-linux-gnu/libgmodule-2.0.so.0.3200.4
b3921000-b3922000 rw-p 00003000 08:01 3885       /usr/lib/i386-linux-gnu/libgmodule-2.0.so.0.3200.4
b3922000-b3a1d000 r-xp 00000000 08:01 3880       /lib/i386-linux-gnu/libglib-2.0.so.0.3200.4
b3a1d000-b3a1e000 r--p 000fa000 08:01 3880       /lib/i386-linux-gnu/libglib-2.0.so.0.3200.4
b3a1e000-b3a1f000 rw-p 000fb000 08:01 3880       /lib/i386-linux-gnu/libglib-2.0.so.0.3200.4
b3a1f000-b3a6f000 r-xp 00000000 08:01 3883       /usr/lib/i386-linux-gnu/libgobject-2.0.so.0.3200.4
b3a6f000-b3a70000 r--p 00050000 08:01 3883       /usr/lib/i386-linux-gnu/libgobject-2.0.so.0.3200.4
b3a70000-b3a71000 rw-p 00051000 08:01 3883       /usr/lib/i386-linux-gnu/libgobject-2.0.so.0.3200.4
b3a71000-b3bcc000 r-xp 00000000 08:01 3881       /usr/lib/i386-linux-gnu/libgio-2.0.so.0.3200.4
b3bcc000-b3bcd000 ---p 0015b000 08:01 3881       /usr/lib/i386-linux-gnu/libgio-2.0.so.0.3200.4
b3bcd000-b3bcf000 r--p 0015b000 08:01 3881       /usr/lib/i386-linux-gnu/libgio-2.0.so.0.3200.4
b3bcf000-b3bd0000 rw-p 0015d000 08:01 3881       /usr/lib/i386-linux-gnu/libgio-2.0.so.0.3200.4
b3bd0000-b3bd1000 rw-p 00000000 00:00 0 
b3bd6000-b3bd7000 r--p 00000000 08:01 13885      /opt/locale/en_GB/LC_MESSAGES/libc.mo
b3bd7000-b3bd8000 r--s 00004000 08:01 63890      /home/developer/bin/Sencha/Cmd/4.0.2.67/extensions/sencha-compass/lib/ant-launcher-1.8.4.jar
b3bd8000-b3bda000 r--s 00005000 08:01 63889      /home/developer/bin/Sencha/Cmd/4.0.2.67/extensions/sencha-compass/lib/slf4j-api-1.6.6.jar
b3bda000-b3bdc000 r--s 00004000 08:01 63873      /home/developer/bin/Sencha/Cmd/4.0.2.67/extensions/sencha-compass/sencha-compass.jar
b3bdc000-b3bf3000 r-xp 00000000 08:01 10788      /usr/lib/jvm/java-7-openjdk-i386/jre/lib/i386/libnet.so
b3bf3000-b3bf4000 r--p 00016000 08:01 10788      /usr/lib/jvm/java-7-openjdk-i386/jre/lib/i386/libnet.so
b3bf4000-b3bf5000 rw-p 00017000 08:01 10788      /usr/lib/jvm/java-7-openjdk-i386/jre/lib/i386/libnet.so
b3bf5000-b3c06000 r-xp 00000000 08:01 12863      /usr/lib/jvm/java-7-openjdk-i386/jre/lib/i386/libnio.so
b3c06000-b3c07000 r--p 00010000 08:01 12863      /usr/lib/jvm/java-7-openjdk-i386/jre/lib/i386/libnio.so
b3c07000-b3c08000 rw-p 00011000 08:01 12863      /usr/lib/jvm/java-7-openjdk-i386/jre/lib/i386/libnio.so
b3c08000-b3c09000 r-xp 00000000 08:01 120133     /tmp/libjansi-32-1.9.so
b3c09000-b3c0a000 rw-p 00000000 08:01 120133     /tmp/libjansi-32-1.9.so
b3c0a000-b3c0d000 ---p 00000000 00:00 0 
b3c0d000-b3c21000 rw-p 00000000 00:00 0 
b3c21000-b3c47000 r--s 00163000 08:01 67682      /home/developer/bin/Sencha/Cmd/4.0.2.67/lib/phloc-commons-4.0.1.jar
b3c47000-b3c4c000 r--s 00054000 08:01 67679      /home/developer/bin/Sencha/Cmd/4.0.2.67/lib/phloc-css-3.4.0.jar
b3c4c000-b3c51000 r--s 00040000 08:01 67676      /home/developer/bin/Sencha/Cmd/4.0.2.67/lib/jetty-util-8.1.7.v20120910.jar
b3c51000-b3c53000 r--s 00014000 08:01 67090      /home/developer/bin/Sencha/Cmd/4.0.2.67/lib/jetty-client-8.1.7.v20120910.jar
b3c53000-b3c55000 r--s 00014000 08:01 67093      /home/developer/bin/Sencha/Cmd/4.0.2.67/lib/jetty-servlets-8.1.7.v20120910.jar
b3c55000-b3c58000 r--s 00013000 08:01 67083      /home/developer/bin/Sencha/Cmd/4.0.2.67/lib/jetty-security-8.1.7.v20120910.jar
b3c58000-b3c5a000 r--s 00016000 08:01 67085      /home/developer/bin/Sencha/Cmd/4.0.2.67/lib/jetty-servlet-8.1.7.v20120910.jar
b3c5a000-b3c5b000 r--s 00009000 08:01 67088      /home/developer/bin/Sencha/Cmd/4.0.2.67/lib/jetty-xml-8.1.7.v20120910.jar
b3c5b000-b3c5e000 r--s 00018000 08:01 67094      /home/developer/bin/Sencha/Cmd/4.0.2.67/lib/jetty-webapp-8.1.7.v20120910.jar
b3c5e000-b3c61000 r--s 00017000 08:01 67079      /home/developer/bin/Sencha/Cmd/4.0.2.67/lib/jetty-io-8.1.7.v20120910.jar
b3c61000-b3c63000 r--s 00015000 08:01 67084      /home/developer/bin/Sencha/Cmd/4.0.2.67/lib/jetty-http-8.1.7.v20120910.jar
b3c63000-b3c65000 r--s 00004000 08:01 67302      /home/developer/bin/Sencha/Cmd/4.0.2.67/lib/jetty-continuation-8.1.7.v20120910.jar
b3c65000-b3c68000 r--s 0002e000 08:01 67087      /home/developer/bin/Sencha/Cmd/4.0.2.67/lib/javax.servlet-3.0.0.v201112011016.jar
b3c68000-b3c6e000 r--s 0004d000 08:01 67684      /home/developer/bin/Sencha/Cmd/4.0.2.67/lib/jetty-server-8.1.7.v20120910.jar
b3c6e000-b3c71000 r--s 00019000 08:01 67082      /home/developer/bin/Sencha/Cmd/4.0.2.67/lib/jarjar-1.1.jar
b3c71000-b3c74000 r--s 00006000 08:01 67080      /home/developer/bin/Sencha/Cmd/4.0.2.67/lib/jsr305-1.3.9.jar
b3c74000-b3c76000 r--s 0000a000 08:01 67078      /home/developer/bin/Sencha/Cmd/4.0.2.67/lib/json-20090211.jar
b3c76000-b3c7c000 r--s 00068000 08:01 67683      /home/developer/bin/Sencha/Cmd/4.0.2.67/lib/protobuf-java-2.4.1.jar
b3c7c000-b3c7e000 r--s 0000c000 08:01 67077      /home/developer/bin/Sencha/Cmd/4.0.2.67/lib/args4j-2.0.16.jar
b3c7e000-b3cb0000 r--s 0031c000 08:01 67687      /home/developer/bin/Sencha/Cmd/4.0.2.67/lib/closure-compiler-r2388.jar
b3cb0000-b3cd9000 r--s 001ee000 08:01 67681      /home/developer/bin/Sencha/Cmd/4.0.2.67/lib/guava-14.0.jar
b3cd9000-b3cdb000 r--s 0001a000 08:01 67089      /home/developer/bin/Sencha/Cmd/4.0.2.67/lib/jansi-1.9.jar
b3cdb000-b3cdf000 r--s 0002a000 08:01 67081      /home/developer/bin/Sencha/Cmd/4.0.2.67/lib/commons-io-2.4.jar
b3cdf000-b3cea000 r--s 000a4000 08:01 67680      /home/developer/bin/Sencha/Cmd/4.0.2.67/lib/ant-1.5.jar
b3cea000-b3cef000 r--s 00032000 08:01 67092      /home/developer/bin/Sencha/Cmd/4.0.2.67/lib/ant-contrib-1.0b3.jar
b3cef000-b3cf9000 r--s 000d0000 08:01 67677      /home/developer/bin/Sencha/Cmd/4.0.2.67/lib/yuicompressor-2.4.7.jar
b3cf9000-b3cfd000 r--s 0003c000 08:01 67086      /home/developer/bin/Sencha/Cmd/4.0.2.67/lib/commons-lang-2.4.jar
b3cfd000-b3d0b000 r--s 0007f000 08:01 67675      /home/developer/bin/Sencha/Cmd/4.0.2.67/lib/commons-collections-3.2.1.jar
b3d0b000-b3d13000 r--s 00066000 08:01 67678      /home/developer/bin/Sencha/Cmd/4.0.2.67/lib/velocity-1.7.jar
b3d13000-b3d18000 r--s 0002a000 08:01 67091      /home/developer/bin/Sencha/Cmd/4.0.2.67/lib/gson-2.2.1.jar
b3d18000-b3d1a000 r--s 00001000 08:01 67299      /home/developer/bin/Sencha/Cmd/4.0.2.67/lib/slf4j-jdk14-1.6.6.jar
b3d1a000-b3d1c000 r--s 00005000 08:01 67300      /home/developer/bin/Sencha/Cmd/4.0.2.67/lib/slf4j-api-1.6.6.jar
b3d1c000-b3d1d000 r--s 00004000 08:01 67301      /home/developer/bin/Sencha/Cmd/4.0.2.67/lib/ant-launcher-1.8.4.jar
b3d1d000-b3d3b000 r--s 001bd000 08:01 67686      /home/developer/bin/Sencha/Cmd/4.0.2.67/lib/ant-1.8.4.jar
b3d3b000-b3d48000 r--s 00109000 08:01 67685      /home/developer/bin/Sencha/Cmd/4.0.2.67/lib/rhino-1.7R4.jar
b3d48000-b3d4b000 r--s 00017000 08:01 12887      /usr/lib/jvm/java-7-openjdk-i386/jre/lib/jce.jar
b3d4b000-b3d50000 r--s 0004c000 08:01 12889      /usr/lib/jvm/java-7-openjdk-i386/jre/lib/jsse.jar
b3d50000-b3d6f000 r--s 0018c000 08:01 67671      /home/developer/bin/Sencha/Cmd/4.0.2.67/sencha.jar
b3d6f000-b3d73000 r--s 0003b000 08:01 4894       /usr/lib/jvm/java-7-openjdk-i386/jre/lib/ext/sunpkcs11.jar
b3d73000-b3d77000 r--s 00085000 08:01 4888       /usr/lib/jvm/java-7-openjdk-i386/jre/lib/ext/localedata.jar
b3d77000-b3d79000 r--s 0000f000 08:01 4899       /usr/lib/jvm/java-7-openjdk-i386/jre/lib/ext/pulse-java.jar
b3d79000-b3d7b000 r--s 00012000 08:01 4890       /usr/lib/jvm/java-7-openjdk-i386/jre/lib/ext/zipfs.jar
b3d7b000-b3d7e000 r--s 00032000 08:01 4896       /usr/lib/jvm/java-7-openjdk-i386/jre/lib/ext/sunjce_provider.jar
b3d7e000-b3d7f000 ---p 00000000 00:00 0 
b3d7f000-b3dff000 rw-p 00000000 00:00 0 
b3dff000-b3e02000 ---p 00000000 00:00 0 
b3e02000-b3e50000 rw-p 00000000 00:00 0 
b3e50000-b3e53000 ---p 00000000 00:00 0 
b3e53000-b3ed1000 rw-p 00000000 00:00 0 
b3ed1000-b3ed4000 ---p 00000000 00:00 0 
b3ed4000-b3f22000 rw-p 00000000 00:00 0 
b3f22000-b4042000 r--p 001b5000 08:01 17909      /home/usr/lib/locale/locale-archive
b4042000-b4242000 r--p 00000000 08:01 17909      /home/usr/lib/locale/locale-archive
b4242000-b4245000 ---p 00000000 00:00 0 
b4245000-b4293000 rw-p 00000000 00:00 0 
b4293000-b4296000 ---p 00000000 00:00 0 
b4296000-b42e4000 rw-p 00000000 00:00 0 
b42e4000-b42e5000 ---p 00000000 00:00 0 
b42e5000-b43ae000 rw-p 00000000 00:00 0 
b43ae000-b455d000 r--s 01cfb000 08:01 12893      /usr/lib/jvm/java-7-openjdk-i386/jre/lib/rt.jar
b455d000-b4571000 rw-p 00000000 00:00 0 
b4571000-b458b000 rw-p 00000000 00:00 0 
b458b000-b45b7000 rw-p 00000000 00:00 0 
b45b7000-b46e1000 rw-p 00000000 00:00 0 
b46e1000-b46f7000 rw-p 00000000 00:00 0 
b46f7000-b478b000 rw-p 00000000 00:00 0 
b478b000-b47b7000 rw-p 00000000 00:00 0 
b47b7000-b48e1000 rw-p 00000000 00:00 0 
b48e1000-b48e7000 rw-p 00000000 00:00 0 
b48e7000-b4901000 rw-p 00000000 00:00 0 
b4901000-b4922000 rw-p 00000000 00:00 0 
b4922000-b498d000 rw-p 00000000 00:00 0 
b498d000-b4e9d000 rwxp 00000000 00:00 0 
b4e9d000-b698d000 rw-p 00000000 00:00 0 
b698d000-b6997000 r-xp 00000000 08:01 231        /lib/i386-linux-gnu/i686/cmov/libnss_files-2.13.so
b6997000-b6998000 r--p 00009000 08:01 231        /lib/i386-linux-gnu/i686/cmov/libnss_files-2.13.so
b6998000-b6999000 rw-p 0000a000 08:01 231        /lib/i386-linux-gnu/i686/cmov/libnss_files-2.13.so
b6999000-b69a2000 r-xp 00000000 08:01 229        /lib/i386-linux-gnu/i686/cmov/libnss_nis-2.13.so
b69a2000-b69a3000 r--p 00008000 08:01 229        /lib/i386-linux-gnu/i686/cmov/libnss_nis-2.13.so
b69a3000-b69a4000 rw-p 00009000 08:01 229        /lib/i386-linux-gnu/i686/cmov/libnss_nis-2.13.so
b69a4000-b69b7000 r-xp 00000000 08:01 263        /lib/i386-linux-gnu/i686/cmov/libnsl-2.13.so
b69b7000-b69b8000 r--p 00012000 08:01 263        /lib/i386-linux-gnu/i686/cmov/libnsl-2.13.so
b69b8000-b69b9000 rw-p 00013000 08:01 263        /lib/i386-linux-gnu/i686/cmov/libnsl-2.13.so
b69b9000-b69bb000 rw-p 00000000 00:00 0 
b69bb000-b69c1000 r-xp 00000000 08:01 225        /lib/i386-linux-gnu/i686/cmov/libnss_compat-2.13.so
b69c1000-b69c2000 r--p 00005000 08:01 225        /lib/i386-linux-gnu/i686/cmov/libnss_compat-2.13.so
b69c2000-b69c3000 rw-p 00006000 08:01 225        /lib/i386-linux-gnu/i686/cmov/libnss_compat-2.13.so
b69c3000-b69c4000 r--s 00007000 08:01 142223     /usr/share/java/java-atk-wrapper.jar
b69c4000-b69cc000 r-xp 00000000 08:01 12879      /usr/lib/jvm/java-7-openjdk-i386/jre/lib/i386/libzip.so
b69cc000-b69cd000 r--p 00007000 08:01 12879      /usr/lib/jvm/java-7-openjdk-i386/jre/lib/i386/libzip.so
b69cd000-b69ce000 rw-p 00008000 08:01 12879      /usr/lib/jvm/java-7-openjdk-i386/jre/lib/i386/libzip.so
b69ce000-b69f5000 r-xp 00000000 08:01 11450      /usr/lib/jvm/java-7-openjdk-i386/jre/lib/i386/libjava.so
b69f5000-b69f6000 r--p 00026000 08:01 11450      /usr/lib/jvm/java-7-openjdk-i386/jre/lib/i386/libjava.so
b69f6000-b69f7000 rw-p 00027000 08:01 11450      /usr/lib/jvm/java-7-openjdk-i386/jre/lib/i386/libjava.so
b69f7000-b6a04000 r-xp 00000000 08:01 12869      /usr/lib/jvm/java-7-openjdk-i386/jre/lib/i386/libverify.so
b6a04000-b6a05000 r--p 0000d000 08:01 12869      /usr/lib/jvm/java-7-openjdk-i386/jre/lib/i386/libverify.so
b6a05000-b6a06000 rw-p 0000e000 08:01 12869      /usr/lib/jvm/java-7-openjdk-i386/jre/lib/i386/libverify.so
b6a06000-b6a0d000 r-xp 00000000 08:01 242        /lib/i386-linux-gnu/i686/cmov/librt-2.13.so
b6a0d000-b6a0e000 r--p 00006000 08:01 242        /lib/i386-linux-gnu/i686/cmov/librt-2.13.so
b6a0e000-b6a0f000 rw-p 00007000 08:01 242        /lib/i386-linux-gnu/i686/cmov/librt-2.13.so
b6a0f000-b6a12000 ---p 00000000 00:00 0 
b6a12000-b6a60000 rw-p 00000000 00:00 0 
b6a60000-b6a7c000 r-xp 00000000 08:01 195        /lib/i386-linux-gnu/libgcc_s.so.1
b6a7c000-b6a7d000 rw-p 0001b000 08:01 195        /lib/i386-linux-gnu/libgcc_s.so.1
b6a7d000-b6aa1000 r-xp 00000000 08:01 228        /lib/i386-linux-gnu/i686/cmov/libm-2.13.so
b6aa1000-b6aa2000 r--p 00023000 08:01 228        /lib/i386-linux-gnu/i686/cmov/libm-2.13.so
b6aa2000-b6aa3000 rw-p 00024000 08:01 228        /lib/i386-linux-gnu/i686/cmov/libm-2.13.so
b6aa3000-b6b83000 r-xp 00000000 08:01 2712       /usr/lib/i386-linux-gnu/libstdc++.so.6.0.17
b6b83000-b6b87000 r--p 000e0000 08:01 2712       /usr/lib/i386-linux-gnu/libstdc++.so.6.0.17
b6b87000-b6b88000 rw-p 000e4000 08:01 2712       /usr/lib/i386-linux-gnu/libstdc++.so.6.0.17
b6b88000-b6b8f000 rw-p 00000000 00:00 0 
b6b8f000-b718a000 r-xp 00000000 08:01 11514      /usr/lib/jvm/java-7-openjdk-i386/jre/lib/i386/client/libjvm.so
b718a000-b718b000 ---p 005fb000 08:01 11514      /usr/lib/jvm/java-7-openjdk-i386/jre/lib/i386/client/libjvm.so
b718b000-b71a2000 r--p 005fb000 08:01 11514      /usr/lib/jvm/java-7-openjdk-i386/jre/lib/i386/client/libjvm.so
b71a2000-b71b1000 rw-p 00612000 08:01 11514      /usr/lib/jvm/java-7-openjdk-i386/jre/lib/i386/client/libjvm.so
b71b1000-b75cc000 rw-p 00000000 00:00 0 
b75cc000-b75e3000 r-xp 00000000 08:01 2437       /lib/i386-linux-gnu/libz.so.1.2.7
b75e3000-b75e4000 r--p 00016000 08:01 2437       /lib/i386-linux-gnu/libz.so.1.2.7
b75e4000-b75e5000 rw-p 00017000 08:01 2437       /lib/i386-linux-gnu/libz.so.1.2.7
b75e5000-b7742000 r-xp 00000000 08:01 695        /lib/i386-linux-gnu/i686/cmov/libc-2.13.so
b7742000-b7743000 ---p 0015d000 08:01 695        /lib/i386-linux-gnu/i686/cmov/libc-2.13.so
b7743000-b7745000 r--p 0015d000 08:01 695        /lib/i386-linux-gnu/i686/cmov/libc-2.13.so
b7745000-b7746000 rw-p 0015f000 08:01 695        /lib/i386-linux-gnu/i686/cmov/libc-2.13.so
b7746000-b7749000 rw-p 00000000 00:00 0 
b7749000-b774b000 r-xp 00000000 08:01 245        /lib/i386-linux-gnu/i686/cmov/libdl-2.13.so
b774b000-b774c000 r--p 00001000 08:01 245        /lib/i386-linux-gnu/i686/cmov/libdl-2.13.so
b774c000-b774d000 rw-p 00002000 08:01 245        /lib/i386-linux-gnu/i686/cmov/libdl-2.13.so
b774d000-b775a000 r-xp 00000000 08:01 11452      /usr/lib/jvm/java-7-openjdk-i386/jre/lib/i386/jli/libjli.so
b775a000-b775b000 r--p 0000c000 08:01 11452      /usr/lib/jvm/java-7-openjdk-i386/jre/lib/i386/jli/libjli.so
b775b000-b775c000 rw-p 0000d000 08:01 11452      /usr/lib/jvm/java-7-openjdk-i386/jre/lib/i386/jli/libjli.so
b775c000-b775d000 rw-p 00000000 00:00 0 
b775d000-b7772000 r-xp 00000000 08:01 687        /lib/i386-linux-gnu/i686/cmov/libpthread-2.13.so
b7772000-b7773000 r--p 00014000 08:01 687        /lib/i386-linux-gnu/i686/cmov/libpthread-2.13.so
b7773000-b7774000 rw-p 00015000 08:01 687        /lib/i386-linux-gnu/i686/cmov/libpthread-2.13.so
b7774000-b7776000 rw-p 00000000 00:00 0 
b7776000-b7777000 r--s 00002000 08:01 4892       /usr/lib/jvm/java-7-openjdk-i386/jre/lib/ext/dnsns.jar
b7777000-b777f000 rw-s 00000000 08:01 9760       /tmp/hsperfdata_developer/4038
b777f000-b7780000 rw-p 00000000 00:00 0 
b7780000-b7781000 ---p 00000000 00:00 0 
b7781000-b7783000 rw-p 00000000 00:00 0 
b7783000-b7784000 r-xp 00000000 00:00 0          [vdso]
b7784000-b77a0000 r-xp 00000000 08:01 886        /lib/i386-linux-gnu/ld-2.13.so
b77a0000-b77a1000 r--p 0001b000 08:01 886        /lib/i386-linux-gnu/ld-2.13.so
b77a1000-b77a2000 rw-p 0001c000 08:01 886        /lib/i386-linux-gnu/ld-2.13.so
bff09000-bff2a000 rw-p 00000000 00:00 0          [stack]

VM Arguments:
jvm_args: -Xms128m -Xmx1024m -Djava.awt.headless=true 
java_command: /home/developer/bin/Sencha/Cmd/4.0.2.67/sencha.jar app build
Launcher Type: SUN_STANDARD

Environment Variables:
PATH=/home/developer/bin/Sencha/Cmd/4.0.2.67:/usr/local/bin:/usr/bin:/bin:/usr/local/games:/usr/games
SHELL=/bin/bash
DISPLAY=:0.0

Signal Handlers:
SIGSEGV: [libjvm.so+0x4d4fd0], sa_mask[0]=0x7ffbfeff, sa_flags=0x10000004
SIGBUS: [libjvm.so+0x4d4fd0], sa_mask[0]=0x7ffbfeff, sa_flags=0x10000004
SIGFPE: [libjvm.so+0x3b71e0], sa_mask[0]=0x7ffbfeff, sa_flags=0x10000004
SIGPIPE: [libjvm.so+0x3b71e0], sa_mask[0]=0x7ffbfeff, sa_flags=0x10000004
SIGXFSZ: [libjvm.so+0x3b71e0], sa_mask[0]=0x7ffbfeff, sa_flags=0x10000004
SIGILL: [libjvm.so+0x3b71e0], sa_mask[0]=0x7ffbfeff, sa_flags=0x10000004
SIGUSR1: SIG_DFL, sa_mask[0]=0x00000000, sa_flags=0x00000000
SIGUSR2: [libjvm.so+0x3b7320], sa_mask[0]=0x00000000, sa_flags=0x10000004
SIGHUP: [libjvm.so+0x3b7710], sa_mask[0]=0x7ffbfeff, sa_flags=0x10000004
SIGINT: [libjvm.so+0x3b7710], sa_mask[0]=0x7ffbfeff, sa_flags=0x10000004
SIGTERM: [libjvm.so+0x3b7710], sa_mask[0]=0x7ffbfeff, sa_flags=0x10000004
SIGQUIT: [libjvm.so+0x3b7710], sa_mask[0]=0x7ffbfeff, sa_flags=0x10000004


---------------  S Y S T E M  ---------------

OS:7.5

uname:Linux 3.2.0-4-686-pae #1 SMP Debian 3.2.57-3+deb7u1 i686
libc:glibc 2.13 NPTL 2.13 
rlimit: STACK 8192k, CORE 0k, NPROC 3937, NOFILE 4096, AS infinity
load average:1.35 0.62 0.34

/proc/meminfo:
MemTotal:         514392 kB
MemFree:            4956 kB
Buffers:             220 kB
Cached:            12976 kB
SwapCached:            0 kB
Active:           476060 kB
Inactive:           9076 kB
Active(anon):     473112 kB
Inactive(anon):     6036 kB
Active(file):       2948 kB
Inactive(file):     3040 kB
Unevictable:           0 kB
Mlocked:               0 kB
HighTotal:             0 kB
HighFree:              0 kB
LowTotal:         514392 kB
LowFree:            4956 kB
SwapTotal:             0 kB
SwapFree:              0 kB
Dirty:                24 kB
Writeback:             0 kB
AnonPages:        472016 kB
Mapped:             8916 kB
Shmem:              7132 kB
Slab:              12684 kB
SReclaimable:       5664 kB
SUnreclaim:         7020 kB
KernelStack:        2080 kB
PageTables:         4152 kB
NFS_Unstable:          0 kB
Bounce:                0 kB
WritebackTmp:          0 kB
CommitLimit:      257196 kB
Committed_AS:    1170240 kB
VmallocTotal:     510008 kB
VmallocUsed:       19892 kB
VmallocChunk:     489660 kB
HardwareCorrupted:     0 kB
AnonHugePages:         0 kB
HugePages_Total:       0
HugePages_Free:        0
HugePages_Rsvd:        0
HugePages_Surp:        0
Hugepagesize:       2048 kB
DirectMap4k:       32704 kB
DirectMap2M:      491520 kB


CPU:total 1 (1 cores per cpu, 1 threads per core) family 6 model 15 stepping 6, cmov, cx8, fxsr, mmx, sse, sse2, sse3, ssse3, tsc

/proc/cpuinfo:
processor	: 0
vendor_id	: GenuineIntel
cpu family	: 6
model		: 15
model name	: Intel(R) Core(TM)2 CPU         T7400  @ 2.16GHz
stepping	: 6
cpu MHz		: 0.000
cache size	: 6144 KB
fdiv_bug	: no
hlt_bug		: no
f00f_bug	: no
coma_bug	: no
fpu		: yes
fpu_exception	: yes
cpuid level	: 5
wp		: yes
flags		: fpu vme de pse tsc msr pae mce cx8 apic sep mtrr pge mca cmov pat pse36 clflush mmx fxsr sse sse2 nx constant_tsc up pni monitor ssse3
bogomips	: 6852.60
clflush size	: 64
cache_alignment	: 64
address sizes	: 36 bits physical, 48 bits virtual
power management:



Memory: 4k page, physical 514392k(4956k free), swap 0k(0k free)

vm_info: OpenJDK Client VM (24.51-b03) for linux-x86 JRE (1.7.0_55-b14), built on Apr 30 2014 11:00:19 by "jmm" with gcc 4.7.2

time: Thu May 22 23:44:14 2014
elapsed time: 28 seconds

