#
# There is insufficient memory for the Java Runtime Environment to continue.
# Native memory allocation (malloc) failed to allocate 89522176 bytes for committing reserved memory.
# Possible reasons:
#   The system is out of physical RAM or swap space
#   In 32 bit mode, the process size limit was hit
# Possible solutions:
#   Reduce memory load on the system
#   Increase physical memory or swap space
#   Check if swap backing store is full
#   Use 64 bit Java on a 64 bit OS
#   Decrease Java heap size (-Xmx/-Xms)
#   Decrease number of Java threads
#   Decrease Java thread stack sizes (-Xss)
#   Set larger code cache with -XX:ReservedCodeCacheSize=
# This output file may be truncated or incomplete.
#
#  Out of Memory Error (os_linux.cpp:2769), pid=4226, tid=3064527728
#
# JRE version:  (7.0_55-b14) (build )
# Java VM: OpenJDK Client VM (24.51-b03 mixed mode, sharing linux-x86 )
# Failed to write core dump. Core dumps have been disabled. To enable core dumping, try "ulimit -c unlimited" before starting Java again
#

---------------  T H R E A D  ---------------

Current thread (0x0972c800):  JavaThread "Unknown thread" [_thread_in_vm, id=4227, stack(0xb6a3f000,0xb6a90000)]

Stack: [0xb6a3f000,0xb6a90000]

---------------  P R O C E S S  ---------------

Java Threads: ( => current thread )

Other Threads:

=>0x0972c800 (exited) JavaThread "Unknown thread" [_thread_in_vm, id=4227, stack(0xb6a3f000,0xb6a90000)]

VM state:not at safepoint (not fully initialized)

VM Mutex/Monitor currently owned by a thread: None

GC Heap History (0 events):
No events

Deoptimization events (0 events):
No events

Internal exceptions (0 events):
No events

Events (0 events):
No events


Dynamic libraries:
08048000-08049000 r-xp 00000000 08:01 4880       /usr/lib/jvm/java-7-openjdk-i386/jre/bin/java
08049000-0804a000 r--p 00000000 08:01 4880       /usr/lib/jvm/java-7-openjdk-i386/jre/bin/java
0804a000-0804b000 rw-p 00001000 08:01 4880       /usr/lib/jvm/java-7-openjdk-i386/jre/bin/java
09723000-09779000 rw-p 00000000 00:00 0          [heap]
4eb30000-515d0000 rw-p 00000000 00:00 0 
515d0000-64080000 rw-p 00000000 00:00 0 
695e0000-94930000 rw-p 00000000 00:00 0 
b4711000-b4727000 rw-p 00000000 00:00 0 
b4727000-b493c000 rw-p 00000000 00:00 0 
b493c000-b493e000 rw-p 00000000 00:00 0 
b493e000-b49bd000 rw-p 00000000 00:00 0 
b49bd000-b49e5000 rwxp 00000000 00:00 0 
b49e5000-b69bd000 rw-p 00000000 00:00 0 
b69bd000-b69c7000 r-xp 00000000 08:01 231        /lib/i386-linux-gnu/i686/cmov/libnss_files-2.13.so
b69c7000-b69c8000 r--p 00009000 08:01 231        /lib/i386-linux-gnu/i686/cmov/libnss_files-2.13.so
b69c8000-b69c9000 rw-p 0000a000 08:01 231        /lib/i386-linux-gnu/i686/cmov/libnss_files-2.13.so
b69c9000-b69d2000 r-xp 00000000 08:01 229        /lib/i386-linux-gnu/i686/cmov/libnss_nis-2.13.so
b69d2000-b69d3000 r--p 00008000 08:01 229        /lib/i386-linux-gnu/i686/cmov/libnss_nis-2.13.so
b69d3000-b69d4000 rw-p 00009000 08:01 229        /lib/i386-linux-gnu/i686/cmov/libnss_nis-2.13.so
b69d4000-b69e7000 r-xp 00000000 08:01 263        /lib/i386-linux-gnu/i686/cmov/libnsl-2.13.so
b69e7000-b69e8000 r--p 00012000 08:01 263        /lib/i386-linux-gnu/i686/cmov/libnsl-2.13.so
b69e8000-b69e9000 rw-p 00013000 08:01 263        /lib/i386-linux-gnu/i686/cmov/libnsl-2.13.so
b69e9000-b69eb000 rw-p 00000000 00:00 0 
b69eb000-b69f1000 r-xp 00000000 08:01 225        /lib/i386-linux-gnu/i686/cmov/libnss_compat-2.13.so
b69f1000-b69f2000 r--p 00005000 08:01 225        /lib/i386-linux-gnu/i686/cmov/libnss_compat-2.13.so
b69f2000-b69f3000 rw-p 00006000 08:01 225        /lib/i386-linux-gnu/i686/cmov/libnss_compat-2.13.so
b69f4000-b69fc000 r-xp 00000000 08:01 12879      /usr/lib/jvm/java-7-openjdk-i386/jre/lib/i386/libzip.so
b69fc000-b69fd000 r--p 00007000 08:01 12879      /usr/lib/jvm/java-7-openjdk-i386/jre/lib/i386/libzip.so
b69fd000-b69fe000 rw-p 00008000 08:01 12879      /usr/lib/jvm/java-7-openjdk-i386/jre/lib/i386/libzip.so
b69fe000-b6a25000 r-xp 00000000 08:01 11450      /usr/lib/jvm/java-7-openjdk-i386/jre/lib/i386/libjava.so
b6a25000-b6a26000 r--p 00026000 08:01 11450      /usr/lib/jvm/java-7-openjdk-i386/jre/lib/i386/libjava.so
b6a26000-b6a27000 rw-p 00027000 08:01 11450      /usr/lib/jvm/java-7-openjdk-i386/jre/lib/i386/libjava.so
b6a27000-b6a34000 r-xp 00000000 08:01 12869      /usr/lib/jvm/java-7-openjdk-i386/jre/lib/i386/libverify.so
b6a34000-b6a35000 r--p 0000d000 08:01 12869      /usr/lib/jvm/java-7-openjdk-i386/jre/lib/i386/libverify.so
b6a35000-b6a36000 rw-p 0000e000 08:01 12869      /usr/lib/jvm/java-7-openjdk-i386/jre/lib/i386/libverify.so
b6a36000-b6a3d000 r-xp 00000000 08:01 242        /lib/i386-linux-gnu/i686/cmov/librt-2.13.so
b6a3d000-b6a3e000 r--p 00006000 08:01 242        /lib/i386-linux-gnu/i686/cmov/librt-2.13.so
b6a3e000-b6a3f000 rw-p 00007000 08:01 242        /lib/i386-linux-gnu/i686/cmov/librt-2.13.so
b6a3f000-b6a42000 ---p 00000000 00:00 0 
b6a42000-b6a90000 rw-p 00000000 00:00 0 
b6a90000-b6aac000 r-xp 00000000 08:01 195        /lib/i386-linux-gnu/libgcc_s.so.1
b6aac000-b6aad000 rw-p 0001b000 08:01 195        /lib/i386-linux-gnu/libgcc_s.so.1
b6aad000-b6ad1000 r-xp 00000000 08:01 228        /lib/i386-linux-gnu/i686/cmov/libm-2.13.so
b6ad1000-b6ad2000 r--p 00023000 08:01 228        /lib/i386-linux-gnu/i686/cmov/libm-2.13.so
b6ad2000-b6ad3000 rw-p 00024000 08:01 228        /lib/i386-linux-gnu/i686/cmov/libm-2.13.so
b6ad3000-b6bb3000 r-xp 00000000 08:01 2712       /usr/lib/i386-linux-gnu/libstdc++.so.6.0.17
b6bb3000-b6bb7000 r--p 000e0000 08:01 2712       /usr/lib/i386-linux-gnu/libstdc++.so.6.0.17
b6bb7000-b6bb8000 rw-p 000e4000 08:01 2712       /usr/lib/i386-linux-gnu/libstdc++.so.6.0.17
b6bb8000-b6bbf000 rw-p 00000000 00:00 0 
b6bbf000-b71ba000 r-xp 00000000 08:01 11514      /usr/lib/jvm/java-7-openjdk-i386/jre/lib/i386/client/libjvm.so
b71ba000-b71bb000 ---p 005fb000 08:01 11514      /usr/lib/jvm/java-7-openjdk-i386/jre/lib/i386/client/libjvm.so
b71bb000-b71d2000 r--p 005fb000 08:01 11514      /usr/lib/jvm/java-7-openjdk-i386/jre/lib/i386/client/libjvm.so
b71d2000-b71e1000 rw-p 00612000 08:01 11514      /usr/lib/jvm/java-7-openjdk-i386/jre/lib/i386/client/libjvm.so
b71e1000-b75fc000 rw-p 00000000 00:00 0 
b75fc000-b7613000 r-xp 00000000 08:01 2437       /lib/i386-linux-gnu/libz.so.1.2.7
b7613000-b7614000 r--p 00016000 08:01 2437       /lib/i386-linux-gnu/libz.so.1.2.7
b7614000-b7615000 rw-p 00017000 08:01 2437       /lib/i386-linux-gnu/libz.so.1.2.7
b7615000-b7772000 r-xp 00000000 08:01 695        /lib/i386-linux-gnu/i686/cmov/libc-2.13.so
b7772000-b7773000 ---p 0015d000 08:01 695        /lib/i386-linux-gnu/i686/cmov/libc-2.13.so
b7773000-b7775000 r--p 0015d000 08:01 695        /lib/i386-linux-gnu/i686/cmov/libc-2.13.so
b7775000-b7776000 rw-p 0015f000 08:01 695        /lib/i386-linux-gnu/i686/cmov/libc-2.13.so
b7776000-b7779000 rw-p 00000000 00:00 0 
b7779000-b777b000 r-xp 00000000 08:01 245        /lib/i386-linux-gnu/i686/cmov/libdl-2.13.so
b777b000-b777c000 r--p 00001000 08:01 245        /lib/i386-linux-gnu/i686/cmov/libdl-2.13.so
b777c000-b777d000 rw-p 00002000 08:01 245        /lib/i386-linux-gnu/i686/cmov/libdl-2.13.so
b777d000-b778a000 r-xp 00000000 08:01 11452      /usr/lib/jvm/java-7-openjdk-i386/jre/lib/i386/jli/libjli.so
b778a000-b778b000 r--p 0000c000 08:01 11452      /usr/lib/jvm/java-7-openjdk-i386/jre/lib/i386/jli/libjli.so
b778b000-b778c000 rw-p 0000d000 08:01 11452      /usr/lib/jvm/java-7-openjdk-i386/jre/lib/i386/jli/libjli.so
b778c000-b778d000 rw-p 00000000 00:00 0 
b778d000-b77a2000 r-xp 00000000 08:01 687        /lib/i386-linux-gnu/i686/cmov/libpthread-2.13.so
b77a2000-b77a3000 r--p 00014000 08:01 687        /lib/i386-linux-gnu/i686/cmov/libpthread-2.13.so
b77a3000-b77a4000 rw-p 00015000 08:01 687        /lib/i386-linux-gnu/i686/cmov/libpthread-2.13.so
b77a4000-b77a6000 rw-p 00000000 00:00 0 
b77a7000-b77af000 rw-s 00000000 08:01 121381     /tmp/hsperfdata_developer/4226
b77af000-b77b0000 rw-p 00000000 00:00 0 
b77b0000-b77b1000 r--p 00000000 00:00 0 
b77b1000-b77b3000 rw-p 00000000 00:00 0 
b77b3000-b77b4000 r-xp 00000000 00:00 0          [vdso]
b77b4000-b77d0000 r-xp 00000000 08:01 886        /lib/i386-linux-gnu/ld-2.13.so
b77d0000-b77d1000 r--p 0001b000 08:01 886        /lib/i386-linux-gnu/ld-2.13.so
b77d1000-b77d2000 rw-p 0001c000 08:01 886        /lib/i386-linux-gnu/ld-2.13.so
bfb6f000-bfb90000 rw-p 00000000 00:00 0          [stack]

VM Arguments:
jvm_args: -Xms128m -Xmx1024m -Djava.awt.headless=true 
java_command: /home/developer/bin/Sencha/Cmd/4.0.2.67/sencha.jar app build
Launcher Type: SUN_STANDARD

Environment Variables:
PATH=/home/developer/bin/Sencha/Cmd/4.0.2.67:/usr/local/bin:/usr/bin:/bin:/usr/local/games:/usr/games
SHELL=/bin/bash
DISPLAY=:0.0

Signal Handlers:
SIGSEGV: [libjvm.so+0x4d4fd0], sa_mask[0]=0x7ffbfeff, sa_flags=0x10000004
SIGBUS: [libjvm.so+0x4d4fd0], sa_mask[0]=0x7ffbfeff, sa_flags=0x10000004
SIGFPE: [libjvm.so+0x3b71e0], sa_mask[0]=0x7ffbfeff, sa_flags=0x10000004
SIGPIPE: [libjvm.so+0x3b71e0], sa_mask[0]=0x7ffbfeff, sa_flags=0x10000004
SIGXFSZ: [libjvm.so+0x3b71e0], sa_mask[0]=0x7ffbfeff, sa_flags=0x10000004
SIGILL: [libjvm.so+0x3b71e0], sa_mask[0]=0x7ffbfeff, sa_flags=0x10000004
SIGUSR1: SIG_DFL, sa_mask[0]=0x00000000, sa_flags=0x00000000
SIGUSR2: [libjvm.so+0x3b7320], sa_mask[0]=0x00000000, sa_flags=0x10000004
SIGHUP: SIG_DFL, sa_mask[0]=0x00000000, sa_flags=0x00000000
SIGINT: SIG_DFL, sa_mask[0]=0x00000000, sa_flags=0x00000000
SIGTERM: SIG_DFL, sa_mask[0]=0x00000000, sa_flags=0x00000000
SIGQUIT: SIG_DFL, sa_mask[0]=0x00000000, sa_flags=0x00000000


---------------  S Y S T E M  ---------------

OS:7.5

uname:Linux 3.2.0-4-686-pae #1 SMP Debian 3.2.57-3+deb7u1 i686
libc:glibc 2.13 NPTL 2.13 
rlimit: STACK 8192k, CORE 0k, NPROC 3937, NOFILE 4096, AS infinity
load average:1.30 1.05 0.64

/proc/meminfo:
MemTotal:         514392 kB
MemFree:            4972 kB
Buffers:           10968 kB
Cached:            68500 kB
SwapCached:            0 kB
Active:           435952 kB
Inactive:          43464 kB
Active(anon):     401116 kB
Inactive(anon):     8208 kB
Active(file):      34836 kB
Inactive(file):    35256 kB
Unevictable:           0 kB
Mlocked:               0 kB
HighTotal:             0 kB
HighFree:              0 kB
LowTotal:         514392 kB
LowFree:            4972 kB
SwapTotal:             0 kB
SwapFree:              0 kB
Dirty:                52 kB
Writeback:             0 kB
AnonPages:        400016 kB
Mapped:            51596 kB
Shmem:              9324 kB
Slab:              15216 kB
SReclaimable:       7072 kB
SUnreclaim:         8144 kB
KernelStack:        2448 kB
PageTables:         6224 kB
NFS_Unstable:          0 kB
Bounce:                0 kB
WritebackTmp:          0 kB
CommitLimit:      257196 kB
Committed_AS:    1550320 kB
VmallocTotal:     510008 kB
VmallocUsed:       19892 kB
VmallocChunk:     489660 kB
HardwareCorrupted:     0 kB
AnonHugePages:         0 kB
HugePages_Total:       0
HugePages_Free:        0
HugePages_Rsvd:        0
HugePages_Surp:        0
Hugepagesize:       2048 kB
DirectMap4k:       32704 kB
DirectMap2M:      491520 kB


CPU:total 1 (1 cores per cpu, 1 threads per core) family 6 model 15 stepping 6, cmov, cx8, fxsr, mmx, sse, sse2, sse3, ssse3, tsc

/proc/cpuinfo:
processor	: 0
vendor_id	: GenuineIntel
cpu family	: 6
model		: 15
model name	: Intel(R) Core(TM)2 CPU         T7400  @ 2.16GHz
stepping	: 6
cpu MHz		: 0.000
cache size	: 6144 KB
fdiv_bug	: no
hlt_bug		: no
f00f_bug	: no
coma_bug	: no
fpu		: yes
fpu_exception	: yes
cpuid level	: 5
wp		: yes
flags		: fpu vme de pse tsc msr pae mce cx8 apic sep mtrr pge mca cmov pat pse36 clflush mmx fxsr sse sse2 nx constant_tsc up pni monitor ssse3
bogomips	: 6852.60
clflush size	: 64
cache_alignment	: 64
address sizes	: 36 bits physical, 48 bits virtual
power management:



Memory: 4k page, physical 514392k(4972k free), swap 0k(0k free)

vm_info: OpenJDK Client VM (24.51-b03) for linux-x86 JRE (1.7.0_55-b14), built on Apr 30 2014 11:00:19 by "jmm" with gcc 4.7.2

time: Thu May 22 23:51:46 2014
elapsed time: 0 seconds

